Arguments: 
  C:\Program Files (x86)\nodejs\node.exe C:\Program Files (x86)\Yarn\bin\yarn.js add express

PATH: 
  C:\Windows\system32;C:\Windows;C:\Windows\System32\Wbem;C:\Windows\System32\WindowsPowerShell\v1.0\;C:\Windows\System32\OpenSSH\;C:\Program Files\Amazon\AWSCLIV2\;C:\Program Files (x86)\nodejs\;C:\Program Files\Git\cmd;C:\Program Files (x86)\Yarn\bin\;C:\Users\Molin\AppData\Local\Microsoft\WindowsApps;C:\Users\Molin\AppData\Local\Programs\Microsoft VS Code\bin;D:\Kubernetes;C:\Users\Molin\AppData\Roaming\npm;C:\Users\Molin\AppData\Local\Yarn\bin;C:\Program Files (x86)\Yarn\bin;

Yarn version: 
  1.22.19

Node version: 
  18.15.0

Platform: 
  win32 ia32

Trace: 
  Error: connect ETIMEDOUT 2606:4700::6810:1823:443
      at TCPConnectWrap.afterConnect [as oncomplete] (node:net:1494:16)

npm manifest: 
  {
    "name": "starter",
    "version": "1.0.0",
    "description": "",
    "main": "index.js",
    "scripts": {
      "test": "echo \"Error: no test specified\" && exit 1"
    },
    "keywords": [],
    "author": "",
    "license": "ISC"
  }

yarn manifest: 
  No manifest

Lockfile: 
  No lockfile
